2026-07-01 12:07:01,796 | INFO     | apps.notifications.scheduler | Notification scheduler started — service_reminder: daily 10:00 AM | auto_absent: every 1 hr
2026-07-01 15:11:53,443 | INFO     | apps.notifications.scheduler | Notification scheduler started — service_reminder: daily 10:00 AM | auto_absent: every 1 hr
2026-07-01 15:11:53,471 | INFO     | django.utils.autoreload | Watching for file changes with StatReloader
2026-07-01 15:12:05,346 | INFO     | django.server | "OPTIONS /api/customers/vehicle-companies/ HTTP/1.1" 200 0
2026-07-01 15:12:05,346 | INFO     | django.server | "OPTIONS /api/jobcards/customer-tiers/ HTTP/1.1" 200 0
2026-07-01 15:12:05,357 | INFO     | django.server | "OPTIONS /api/customers/vehicle-companies/ HTTP/1.1" 200 0
2026-07-01 15:12:05,359 | INFO     | django.server | "OPTIONS /api/employees/ HTTP/1.1" 200 0
2026-07-01 15:12:05,359 | INFO     | django.server | "OPTIONS /api/employees/ HTTP/1.1" 200 0
2026-07-01 15:12:05,359 | INFO     | django.server | "OPTIONS /api/jobcards/ HTTP/1.1" 200 0
2026-07-01 15:12:05,554 | INFO     | django.server | "GET /api/customers/vehicle-companies/ HTTP/1.1" 200 106
2026-07-01 15:12:05,601 | INFO     | django.server | "GET /api/customers/vehicle-companies/ HTTP/1.1" 200 106
2026-07-01 15:12:05,601 | INFO     | django.server | "GET /api/jobcards/customer-tiers/ HTTP/1.1" 200 251
2026-07-01 15:12:05,603 | INFO     | django.server | "GET /api/employees/ HTTP/1.1" 200 390
2026-07-01 15:12:05,627 | INFO     | django.server | "GET /api/jobcards/customer-tiers/ HTTP/1.1" 200 251
2026-07-01 15:12:05,630 | INFO     | django.server | "GET /api/employees/ HTTP/1.1" 200 390
2026-07-01 15:12:06,075 | INFO     | django.server | "GET /api/jobcards/ HTTP/1.1" 200 15494
2026-07-01 15:12:06,650 | INFO     | django.server | "GET /api/jobcards/ HTTP/1.1" 200 15494
2026-07-01 15:12:45,196 | INFO     | django.server | "GET /api/employees/ HTTP/1.1" 200 390
2026-07-01 15:12:45,197 | INFO     | django.server | "GET /api/jobcards/customer-tiers/ HTTP/1.1" 200 251
2026-07-01 15:12:45,197 | INFO     | django.server | "GET /api/customers/vehicle-companies/ HTTP/1.1" 200 106
2026-07-01 15:12:45,227 | INFO     | django.server | "GET /api/employees/ HTTP/1.1" 200 390
2026-07-01 15:12:45,235 | INFO     | django.server | "GET /api/customers/vehicle-companies/ HTTP/1.1" 200 106
2026-07-01 15:12:45,281 | INFO     | django.server | "GET /api/jobcards/customer-tiers/ HTTP/1.1" 200 251
2026-07-01 15:12:45,959 | INFO     | django.server | "GET /api/jobcards/ HTTP/1.1" 200 15494
2026-07-01 15:12:46,396 | INFO     | django.server | "GET /api/jobcards/ HTTP/1.1" 200 15494
2026-07-01 15:13:08,490 | INFO     | django.server | "OPTIONS /api/settings/ HTTP/1.1" 200 0
2026-07-01 15:13:08,491 | INFO     | django.server | "OPTIONS /api/settings/ HTTP/1.1" 200 0
2026-07-01 15:13:08,505 | INFO     | django.server | "GET /api/employees/ HTTP/1.1" 200 390
2026-07-01 15:13:08,505 | INFO     | django.server | "GET /api/jobcards/customer-tiers/ HTTP/1.1" 200 251
2026-07-01 15:13:08,528 | INFO     | django.server | "GET /api/settings/ HTTP/1.1" 200 8069
2026-07-01 15:13:08,535 | INFO     | django.server | "GET /api/employees/ HTTP/1.1" 200 390
2026-07-01 15:13:08,535 | INFO     | django.server | "GET /api/jobcards/customer-tiers/ HTTP/1.1" 200 251
2026-07-01 15:13:08,549 | INFO     | django.server | "GET /api/settings/ HTTP/1.1" 200 8069
2026-07-01 15:13:26,001 | INFO     | django.server | "OPTIONS /api/customers/check-vehicle/?vehicle_number=TN58BH7701 HTTP/1.1" 200 0
2026-07-01 15:13:26,013 | INFO     | django.server | "GET /api/customers/check-vehicle/?vehicle_number=TN58BH7701 HTTP/1.1" 200 16
2026-07-01 15:13:59,307 | INFO     | django.server | "OPTIONS /api/finance/expense/?month=2026-07&search=&category= HTTP/1.1" 200 0
2026-07-01 15:13:59,308 | INFO     | django.server | "OPTIONS /api/finance/dashboard/?month=2026-07 HTTP/1.1" 200 0
2026-07-01 15:13:59,309 | INFO     | django.server | "OPTIONS /api/finance/expense/?month=2026-07&search=&category= HTTP/1.1" 200 0
2026-07-01 15:13:59,309 | INFO     | django.server | "OPTIONS /api/finance/dashboard/?month=2026-07 HTTP/1.1" 200 0
2026-07-01 15:13:59,309 | INFO     | django.server | "OPTIONS /api/finance/income/?month=2026-07&search= HTTP/1.1" 200 0
2026-07-01 15:13:59,310 | INFO     | django.server | "OPTIONS /api/finance/income/?month=2026-07&search= HTTP/1.1" 200 0
2026-07-01 15:13:59,382 | INFO     | django.server | "GET /api/finance/dashboard/?month=2026-07 HTTP/1.1" 200 1230
2026-07-01 15:13:59,393 | INFO     | django.server | "GET /api/finance/income/?month=2026-07&search= HTTP/1.1" 200 825
2026-07-01 15:13:59,417 | INFO     | django.server | "GET /api/finance/dashboard/?month=2026-07 HTTP/1.1" 200 1230
2026-07-01 15:13:59,422 | INFO     | django.server | "GET /api/finance/income/?month=2026-07&search= HTTP/1.1" 200 825
2026-07-01 15:13:59,424 | INFO     | django.server | "GET /api/finance/expense/?month=2026-07&search=&category= HTTP/1.1" 200 2
2026-07-01 15:13:59,433 | INFO     | django.server | "GET /api/finance/expense/?month=2026-07&search=&category= HTTP/1.1" 200 2
2026-07-01 15:14:34,000 | INFO     | apps.notifications.scheduler | Notification scheduler started — service_reminder: daily 10:00 AM | auto_absent: every 1 hr
2026-07-01 15:14:34,011 | INFO     | django.utils.autoreload | Watching for file changes with StatReloader
2026-07-01 15:14:47,004 | INFO     | django.server | "GET /api/customers/vehicle-companies/ HTTP/1.1" 200 106
2026-07-01 15:14:47,004 | INFO     | django.server | "GET /api/employees/ HTTP/1.1" 200 390
2026-07-01 15:14:47,018 | INFO     | django.server | "GET /api/jobcards/customer-tiers/ HTTP/1.1" 200 251
2026-07-01 15:14:47,036 | INFO     | django.server | "GET /api/employees/ HTTP/1.1" 200 390
2026-07-01 15:14:47,037 | INFO     | django.server | "GET /api/customers/vehicle-companies/ HTTP/1.1" 200 106
2026-07-01 15:14:47,038 | INFO     | django.server | "GET /api/jobcards/customer-tiers/ HTTP/1.1" 200 251
2026-07-01 15:14:47,496 | INFO     | django.server | "GET /api/jobcards/ HTTP/1.1" 200 15494
2026-07-01 15:14:48,067 | INFO     | django.server | "GET /api/jobcards/ HTTP/1.1" 200 15494
2026-07-01 15:17:13,960 | INFO     | django.server | "OPTIONS /api/jobcards/11/ HTTP/1.1" 200 0
2026-07-01 15:17:13,960 | INFO     | django.server | "OPTIONS /api/services/ HTTP/1.1" 200 0
2026-07-01 15:17:13,960 | INFO     | django.server | "OPTIONS /api/jobcards/11/ HTTP/1.1" 200 0
2026-07-01 15:17:13,960 | INFO     | django.server | "OPTIONS /api/services/ HTTP/1.1" 200 0
2026-07-01 15:17:14,059 | INFO     | django.server | "GET /api/services/ HTTP/1.1" 200 2632
2026-07-01 15:17:14,059 | INFO     | django.server | "GET /api/employees/ HTTP/1.1" 200 390
2026-07-01 15:17:14,084 | INFO     | django.server | "GET /api/employees/ HTTP/1.1" 200 390
2026-07-01 15:17:14,097 | INFO     | django.server | "GET /api/jobcards/11/ HTTP/1.1" 200 1917
2026-07-01 15:17:14,131 | INFO     | django.server | "GET /api/services/ HTTP/1.1" 200 2632
2026-07-01 15:17:14,193 | INFO     | django.server | "GET /api/jobcards/11/ HTTP/1.1" 200 1917
2026-07-01 15:17:52,102 | INFO     | django.server | "GET /api/employees/ HTTP/1.1" 200 390
2026-07-01 15:17:52,102 | INFO     | django.server | "GET /api/customers/vehicle-companies/ HTTP/1.1" 200 106
2026-07-01 15:17:52,123 | INFO     | django.server | "GET /api/jobcards/customer-tiers/ HTTP/1.1" 200 251
2026-07-01 15:17:52,132 | INFO     | django.server | "GET /api/customers/vehicle-companies/ HTTP/1.1" 200 106
2026-07-01 15:17:52,136 | INFO     | django.server | "GET /api/employees/ HTTP/1.1" 200 390
2026-07-01 15:17:52,141 | INFO     | django.server | "GET /api/jobcards/customer-tiers/ HTTP/1.1" 200 251
2026-07-01 15:17:52,561 | INFO     | django.server | "GET /api/jobcards/ HTTP/1.1" 200 15494
2026-07-01 15:17:52,946 | INFO     | django.server | "GET /api/jobcards/ HTTP/1.1" 200 15494
2026-07-01 15:18:08,661 | INFO     | apps.notifications.scheduler | Notification scheduler started — service_reminder: daily 10:00 AM | auto_absent: every 1 hr
2026-07-01 15:18:08,672 | INFO     | django.utils.autoreload | Watching for file changes with StatReloader
2026-07-01 15:18:14,059 | INFO     | django.server | "GET /api/employees/ HTTP/1.1" 200 390
2026-07-01 15:18:14,059 | INFO     | django.server | "GET /api/customers/vehicle-companies/ HTTP/1.1" 200 106
2026-07-01 15:18:14,059 | INFO     | django.server | "GET /api/jobcards/customer-tiers/ HTTP/1.1" 200 251
2026-07-01 15:18:14,094 | INFO     | django.server | "GET /api/customers/vehicle-companies/ HTTP/1.1" 200 106
2026-07-01 15:18:14,095 | INFO     | django.server | "GET /api/jobcards/customer-tiers/ HTTP/1.1" 200 251
2026-07-01 15:18:14,095 | INFO     | django.server | "GET /api/employees/ HTTP/1.1" 200 390
2026-07-01 15:18:14,474 | INFO     | django.server | "GET /api/jobcards/ HTTP/1.1" 200 15494
2026-07-01 15:18:14,870 | INFO     | django.server | "GET /api/jobcards/ HTTP/1.1" 200 15494
2026-07-01 15:21:55,883 | INFO     | django.server | "OPTIONS /api/jobcards/?employee=1 HTTP/1.1" 200 0
2026-07-01 15:21:56,376 | INFO     | django.server | "GET /api/jobcards/?employee=1 HTTP/1.1" 200 19201
2026-07-01 15:22:00,912 | INFO     | django.server | "GET /api/jobcards/ HTTP/1.1" 200 15494
2026-07-01 15:47:39,584 | INFO     | django.server | "GET /api/customers/vehicle-companies/ HTTP/1.1" 200 106
2026-07-01 15:47:39,676 | INFO     | django.server | "GET /api/jobcards/customer-tiers/ HTTP/1.1" 200 251
2026-07-01 15:47:39,682 | INFO     | django.server | "GET /api/employees/ HTTP/1.1" 200 390
2026-07-01 15:47:39,683 | INFO     | django.server | "GET /api/customers/vehicle-companies/ HTTP/1.1" 200 106
2026-07-01 15:47:39,715 | INFO     | django.server | "GET /api/employees/ HTTP/1.1" 200 390
2026-07-01 15:47:39,785 | INFO     | django.server | "GET /api/jobcards/customer-tiers/ HTTP/1.1" 200 251
2026-07-01 15:47:40,156 | INFO     | django.server | "GET /api/jobcards/ HTTP/1.1" 200 15494
2026-07-01 15:47:40,604 | INFO     | django.server | "GET /api/jobcards/ HTTP/1.1" 200 15494
2026-07-01 15:50:50,419 | INFO     | django.utils.autoreload | D:\car-detailing-crm\backend\apps\jobcards\views.py changed, reloading.
2026-07-01 15:50:53,764 | INFO     | apps.notifications.scheduler | Notification scheduler started — service_reminder: daily 10:00 AM | auto_absent: every 1 hr
2026-07-01 15:50:53,794 | INFO     | django.utils.autoreload | Watching for file changes with StatReloader
2026-07-01 15:50:59,996 | INFO     | django.server | "GET /api/employees/ HTTP/1.1" 200 390
2026-07-01 15:50:59,996 | INFO     | django.server | "GET /api/customers/vehicle-companies/ HTTP/1.1" 200 106
2026-07-01 15:50:59,996 | INFO     | django.server | "GET /api/jobcards/customer-tiers/ HTTP/1.1" 200 251
2026-07-01 15:51:00,032 | INFO     | django.server | "GET /api/employees/ HTTP/1.1" 200 390
2026-07-01 15:51:00,035 | INFO     | django.server | "GET /api/customers/vehicle-companies/ HTTP/1.1" 200 106
2026-07-01 15:51:00,035 | INFO     | django.server | "GET /api/jobcards/customer-tiers/ HTTP/1.1" 200 251
2026-07-01 15:51:00,573 | INFO     | django.server | "GET /api/jobcards/ HTTP/1.1" 200 15494
2026-07-01 15:51:01,103 | INFO     | django.server | "GET /api/jobcards/ HTTP/1.1" 200 15494
2026-07-01 16:22:55,386 | INFO     | django.utils.autoreload | D:\car-detailing-crm\backend\apps\jobcards\views.py changed, reloading.
2026-07-01 16:22:58,265 | INFO     | apps.notifications.scheduler | Notification scheduler started — service_reminder: daily 10:00 AM | auto_absent: every 1 hr
2026-07-01 16:22:58,287 | INFO     | django.utils.autoreload | Watching for file changes with StatReloader
2026-07-01 16:23:26,015 | INFO     | django.utils.autoreload | D:\car-detailing-crm\backend\apps\jobcards\serializers.py changed, reloading.
2026-07-01 16:23:27,425 | INFO     | apps.notifications.scheduler | Notification scheduler started — service_reminder: daily 10:00 AM | auto_absent: every 1 hr
2026-07-01 16:23:27,435 | INFO     | django.utils.autoreload | Watching for file changes with StatReloader
2026-07-01 16:24:16,283 | INFO     | django.utils.autoreload | D:\car-detailing-crm\backend\apps\jobcards\views.py changed, reloading.
2026-07-01 16:24:17,845 | INFO     | apps.notifications.scheduler | Notification scheduler started — service_reminder: daily 10:00 AM | auto_absent: every 1 hr
2026-07-01 16:24:17,857 | INFO     | django.utils.autoreload | Watching for file changes with StatReloader
2026-07-01 16:27:04,203 | INFO     | django.utils.autoreload | D:\car-detailing-crm\backend\apps\jobcards\views.py changed, reloading.
2026-07-01 16:27:07,093 | INFO     | apps.notifications.scheduler | Notification scheduler started — service_reminder: daily 10:00 AM | auto_absent: every 1 hr
2026-07-01 16:27:07,116 | INFO     | django.utils.autoreload | Watching for file changes with StatReloader
2026-07-01 16:27:15,762 | INFO     | django.server | "GET /api/customers/vehicle-companies/ HTTP/1.1" 200 106
2026-07-01 16:27:15,774 | INFO     | django.server | "GET /api/customers/vehicle-companies/ HTTP/1.1" 200 106
2026-07-01 16:27:15,802 | INFO     | django.server | "GET /api/employees/ HTTP/1.1" 200 390
2026-07-01 16:27:15,818 | INFO     | django.server | "GET /api/jobcards/customer-tiers/ HTTP/1.1" 200 251
2026-07-01 16:27:15,819 | INFO     | django.server | "GET /api/employees/ HTTP/1.1" 200 390
2026-07-01 16:27:15,830 | INFO     | django.server | "GET /api/jobcards/customer-tiers/ HTTP/1.1" 200 251
2026-07-01 16:27:16,546 | ERROR    | django.request | Internal Server Error: /api/jobcards/
Traceback (most recent call last):
  File "D:\car-detailing-crm\backend\venv\Lib\site-packages\django\core\handlers\exception.py", line 55, in inner
    response = get_response(request)
  File "D:\car-detailing-crm\backend\venv\Lib\site-packages\django\core\handlers\base.py", line 198, in _get_response
    response = wrapped_callback(request, *callback_args, **callback_kwargs)
  File "D:\car-detailing-crm\backend\venv\Lib\site-packages\django\views\decorators\csrf.py", line 65, in _view_wrapper
    return view_func(request, *args, **kwargs)
  File "D:\car-detailing-crm\backend\venv\Lib\site-packages\django\views\generic\base.py", line 106, in view
    return self.dispatch(request, *args, **kwargs)
           ~~~~~~~~~~~~~^^^^^^^^^^^^^^^^^^^^^^^^^^
  File "D:\car-detailing-crm\backend\venv\Lib\site-packages\rest_framework\views.py", line 515, in dispatch
    response = self.handle_exception(exc)
  File "D:\car-detailing-crm\backend\venv\Lib\site-packages\rest_framework\views.py", line 475, in handle_exception
    self.raise_uncaught_exception(exc)
    ~~~~~~~~~~~~~~~~~~~~~~~~~~~~~^^^^^
  File "D:\car-detailing-crm\backend\venv\Lib\site-packages\rest_framework\views.py", line 486, in raise_uncaught_exception
    raise exc
  File "D:\car-detailing-crm\backend\venv\Lib\site-packages\rest_framework\views.py", line 512, in dispatch
    response = handler(request, *args, **kwargs)
  File "D:\car-detailing-crm\backend\apps\jobcards\views.py", line 139, in get
    return Response(serializer.data)
                    ^^^^^^^^^^^^^^^
  File "D:\car-detailing-crm\backend\venv\Lib\site-packages\rest_framework\serializers.py", line 809, in data
    ret = super().data
          ^^^^^^^^^^^^
  File "D:\car-detailing-crm\backend\venv\Lib\site-packages\rest_framework\serializers.py", line 251, in data
    self._data = self.to_representation(self.instance)
                 ~~~~~~~~~~~~~~~~~~~~~~^^^^^^^^^^^^^^^
  File "D:\car-detailing-crm\backend\venv\Lib\site-packages\rest_framework\serializers.py", line 728, in to_representation
    self.child.to_representation(item) for item in iterable
                                                   ^^^^^^^^
  File "D:\car-detailing-crm\backend\venv\Lib\site-packages\django\db\models\query.py", line 390, in __iter__
    self._fetch_all()
    ~~~~~~~~~~~~~~~^^
  File "D:\car-detailing-crm\backend\venv\Lib\site-packages\django\db\models\query.py", line 2002, in _fetch_all
    self._prefetch_related_objects()
    ~~~~~~~~~~~~~~~~~~~~~~~~~~~~~~^^
  File "D:\car-detailing-crm\backend\venv\Lib\site-packages\django\db\models\query.py", line 1369, in _prefetch_related_objects
    prefetch_related_objects(self._result_cache, *self._prefetch_related_lookups)
    ~~~~~~~~~~~~~~~~~~~~~~~~^^^^^^^^^^^^^^^^^^^^^^^^^^^^^^^^^^^^^^^^^^^^^^^^^^^^^
  File "D:\car-detailing-crm\backend\venv\Lib\site-packages\django\db\models\query.py", line 2426, in prefetch_related_objects
    raise AttributeError(
    ...<7 lines>...
    )
AttributeError: Cannot find 'job_card_products' on JobCardService object, 'job_card_services__job_card_products__usages' is an invalid parameter to prefetch_related()
2026-07-01 16:27:16,569 | ERROR    | django.server | "GET /api/jobcards/ HTTP/1.1" 500 25208
2026-07-01 16:27:16,666 | ERROR    | django.request | Internal Server Error: /api/jobcards/
Traceback (most recent call last):
  File "D:\car-detailing-crm\backend\venv\Lib\site-packages\django\core\handlers\exception.py", line 55, in inner
    response = get_response(request)
  File "D:\car-detailing-crm\backend\venv\Lib\site-packages\django\core\handlers\base.py", line 198, in _get_response
    response = wrapped_callback(request, *callback_args, **callback_kwargs)
  File "D:\car-detailing-crm\backend\venv\Lib\site-packages\django\views\decorators\csrf.py", line 65, in _view_wrapper
    return view_func(request, *args, **kwargs)
  File "D:\car-detailing-crm\backend\venv\Lib\site-packages\django\views\generic\base.py", line 106, in view
    return self.dispatch(request, *args, **kwargs)
           ~~~~~~~~~~~~~^^^^^^^^^^^^^^^^^^^^^^^^^^
  File "D:\car-detailing-crm\backend\venv\Lib\site-packages\rest_framework\views.py", line 515, in dispatch
    response = self.handle_exception(exc)
  File "D:\car-detailing-crm\backend\venv\Lib\site-packages\rest_framework\views.py", line 475, in handle_exception
    self.raise_uncaught_exception(exc)
    ~~~~~~~~~~~~~~~~~~~~~~~~~~~~~^^^^^
  File "D:\car-detailing-crm\backend\venv\Lib\site-packages\rest_framework\views.py", line 486, in raise_uncaught_exception
    raise exc
  File "D:\car-detailing-crm\backend\venv\Lib\site-packages\rest_framework\views.py", line 512, in dispatch
    response = handler(request, *args, **kwargs)
  File "D:\car-detailing-crm\backend\apps\jobcards\views.py", line 139, in get
    return Response(serializer.data)
                    ^^^^^^^^^^^^^^^
  File "D:\car-detailing-crm\backend\venv\Lib\site-packages\rest_framework\serializers.py", line 809, in data
    ret = super().data
          ^^^^^^^^^^^^
  File "D:\car-detailing-crm\backend\venv\Lib\site-packages\rest_framework\serializers.py", line 251, in data
    self._data = self.to_representation(self.instance)
                 ~~~~~~~~~~~~~~~~~~~~~~^^^^^^^^^^^^^^^
  File "D:\car-detailing-crm\backend\venv\Lib\site-packages\rest_framework\serializers.py", line 728, in to_representation
    self.child.to_representation(item) for item in iterable
                                                   ^^^^^^^^
  File "D:\car-detailing-crm\backend\venv\Lib\site-packages\django\db\models\query.py", line 390, in __iter__
    self._fetch_all()
    ~~~~~~~~~~~~~~~^^
  File "D:\car-detailing-crm\backend\venv\Lib\site-packages\django\db\models\query.py", line 2002, in _fetch_all
    self._prefetch_related_objects()
    ~~~~~~~~~~~~~~~~~~~~~~~~~~~~~~^^
  File "D:\car-detailing-crm\backend\venv\Lib\site-packages\django\db\models\query.py", line 1369, in _prefetch_related_objects
    prefetch_related_objects(self._result_cache, *self._prefetch_related_lookups)
    ~~~~~~~~~~~~~~~~~~~~~~~~^^^^^^^^^^^^^^^^^^^^^^^^^^^^^^^^^^^^^^^^^^^^^^^^^^^^^
  File "D:\car-detailing-crm\backend\venv\Lib\site-packages\django\db\models\query.py", line 2426, in prefetch_related_objects
    raise AttributeError(
    ...<7 lines>...
    )
AttributeError: Cannot find 'job_card_products' on JobCardService object, 'job_card_services__job_card_products__usages' is an invalid parameter to prefetch_related()
2026-07-01 16:27:16,675 | ERROR    | django.server | "GET /api/jobcards/ HTTP/1.1" 500 25208
2026-07-01 19:12:04,791 | INFO     | django.server | "OPTIONS /api/employees/ HTTP/1.1" 200 0
2026-07-01 19:12:04,816 | INFO     | django.server | "OPTIONS /api/jobcards/customer-tiers/ HTTP/1.1" 200 0
2026-07-01 19:12:04,760 | INFO     | django.server | "OPTIONS /api/jobcards/ HTTP/1.1" 200 0
2026-07-01 19:12:04,809 | INFO     | django.server | "OPTIONS /api/customers/vehicle-companies/ HTTP/1.1" 200 0
2026-07-01 19:12:04,816 | INFO     | django.server | "OPTIONS /api/employees/ HTTP/1.1" 200 0
2026-07-01 19:12:04,817 | INFO     | django.server | "OPTIONS /api/customers/vehicle-companies/ HTTP/1.1" 200 0
2026-07-01 19:12:05,182 | INFO     | django.server | "OPTIONS /api/jobcards/customer-tiers/ HTTP/1.1" 200 0
2026-07-01 19:12:05,304 | INFO     | django.server | "OPTIONS /api/jobcards/ HTTP/1.1" 200 0
2026-07-01 19:12:07,310 | INFO     | django.server | "GET /api/customers/vehicle-companies/ HTTP/1.1" 200 106
2026-07-01 19:12:07,439 | INFO     | django.server | "GET /api/employees/ HTTP/1.1" 200 390
2026-07-01 19:12:07,444 | INFO     | django.server | "GET /api/customers/vehicle-companies/ HTTP/1.1" 200 106
2026-07-01 19:12:07,445 | INFO     | django.server | "GET /api/jobcards/customer-tiers/ HTTP/1.1" 200 251
2026-07-01 19:12:07,485 | INFO     | django.server | "GET /api/employees/ HTTP/1.1" 200 390
2026-07-01 19:12:07,576 | INFO     | django.server | "GET /api/jobcards/customer-tiers/ HTTP/1.1" 200 251
2026-07-01 19:12:07,761 | ERROR    | django.request | Internal Server Error: /api/jobcards/
Traceback (most recent call last):
  File "D:\car-detailing-crm\backend\venv\Lib\site-packages\django\core\handlers\exception.py", line 55, in inner
    response = get_response(request)
  File "D:\car-detailing-crm\backend\venv\Lib\site-packages\django\core\handlers\base.py", line 198, in _get_response
    response = wrapped_callback(request, *callback_args, **callback_kwargs)
  File "D:\car-detailing-crm\backend\venv\Lib\site-packages\django\views\decorators\csrf.py", line 65, in _view_wrapper
    return view_func(request, *args, **kwargs)
  File "D:\car-detailing-crm\backend\venv\Lib\site-packages\django\views\generic\base.py", line 106, in view
    return self.dispatch(request, *args, **kwargs)
           ~~~~~~~~~~~~~^^^^^^^^^^^^^^^^^^^^^^^^^^
  File "D:\car-detailing-crm\backend\venv\Lib\site-packages\rest_framework\views.py", line 515, in dispatch
    response = self.handle_exception(exc)
  File "D:\car-detailing-crm\backend\venv\Lib\site-packages\rest_framework\views.py", line 475, in handle_exception
    self.raise_uncaught_exception(exc)
    ~~~~~~~~~~~~~~~~~~~~~~~~~~~~~^^^^^
  File "D:\car-detailing-crm\backend\venv\Lib\site-packages\rest_framework\views.py", line 486, in raise_uncaught_exception
    raise exc
  File "D:\car-detailing-crm\backend\venv\Lib\site-packages\rest_framework\views.py", line 512, in dispatch
    response = handler(request, *args, **kwargs)
  File "D:\car-detailing-crm\backend\apps\jobcards\views.py", line 139, in get
    return Response(serializer.data)
                    ^^^^^^^^^^^^^^^
  File "D:\car-detailing-crm\backend\venv\Lib\site-packages\rest_framework\serializers.py", line 809, in data
    ret = super().data
          ^^^^^^^^^^^^
  File "D:\car-detailing-crm\backend\venv\Lib\site-packages\rest_framework\serializers.py", line 251, in data
    self._data = self.to_representation(self.instance)
                 ~~~~~~~~~~~~~~~~~~~~~~^^^^^^^^^^^^^^^
  File "D:\car-detailing-crm\backend\venv\Lib\site-packages\rest_framework\serializers.py", line 728, in to_representation
    self.child.to_representation(item) for item in iterable
                                                   ^^^^^^^^
  File "D:\car-detailing-crm\backend\venv\Lib\site-packages\django\db\models\query.py", line 390, in __iter__
    self._fetch_all()
    ~~~~~~~~~~~~~~~^^
  File "D:\car-detailing-crm\backend\venv\Lib\site-packages\django\db\models\query.py", line 2002, in _fetch_all
    self._prefetch_related_objects()
    ~~~~~~~~~~~~~~~~~~~~~~~~~~~~~~^^
  File "D:\car-detailing-crm\backend\venv\Lib\site-packages\django\db\models\query.py", line 1369, in _prefetch_related_objects
    prefetch_related_objects(self._result_cache, *self._prefetch_related_lookups)
    ~~~~~~~~~~~~~~~~~~~~~~~~^^^^^^^^^^^^^^^^^^^^^^^^^^^^^^^^^^^^^^^^^^^^^^^^^^^^^
  File "D:\car-detailing-crm\backend\venv\Lib\site-packages\django\db\models\query.py", line 2426, in prefetch_related_objects
    raise AttributeError(
    ...<7 lines>...
    )
AttributeError: Cannot find 'job_card_products' on JobCardService object, 'job_card_services__job_card_products__usages' is an invalid parameter to prefetch_related()
2026-07-01 19:12:08,012 | ERROR    | django.server | "GET /api/jobcards/ HTTP/1.1" 500 25208
2026-07-01 19:12:08,196 | ERROR    | django.request | Internal Server Error: /api/jobcards/
Traceback (most recent call last):
  File "D:\car-detailing-crm\backend\venv\Lib\site-packages\django\core\handlers\exception.py", line 55, in inner
    response = get_response(request)
  File "D:\car-detailing-crm\backend\venv\Lib\site-packages\django\core\handlers\base.py", line 198, in _get_response
    response = wrapped_callback(request, *callback_args, **callback_kwargs)
  File "D:\car-detailing-crm\backend\venv\Lib\site-packages\django\views\decorators\csrf.py", line 65, in _view_wrapper
    return view_func(request, *args, **kwargs)
  File "D:\car-detailing-crm\backend\venv\Lib\site-packages\django\views\generic\base.py", line 106, in view
    return self.dispatch(request, *args, **kwargs)
           ~~~~~~~~~~~~~^^^^^^^^^^^^^^^^^^^^^^^^^^
  File "D:\car-detailing-crm\backend\venv\Lib\site-packages\rest_framework\views.py", line 515, in dispatch
    response = self.handle_exception(exc)
  File "D:\car-detailing-crm\backend\venv\Lib\site-packages\rest_framework\views.py", line 475, in handle_exception
    self.raise_uncaught_exception(exc)
    ~~~~~~~~~~~~~~~~~~~~~~~~~~~~~^^^^^
  File "D:\car-detailing-crm\backend\venv\Lib\site-packages\rest_framework\views.py", line 486, in raise_uncaught_exception
    raise exc
  File "D:\car-detailing-crm\backend\venv\Lib\site-packages\rest_framework\views.py", line 512, in dispatch
    response = handler(request, *args, **kwargs)
  File "D:\car-detailing-crm\backend\apps\jobcards\views.py", line 139, in get
    return Response(serializer.data)
                    ^^^^^^^^^^^^^^^
  File "D:\car-detailing-crm\backend\venv\Lib\site-packages\rest_framework\serializers.py", line 809, in data
    ret = super().data
          ^^^^^^^^^^^^
  File "D:\car-detailing-crm\backend\venv\Lib\site-packages\rest_framework\serializers.py", line 251, in data
    self._data = self.to_representation(self.instance)
                 ~~~~~~~~~~~~~~~~~~~~~~^^^^^^^^^^^^^^^
  File "D:\car-detailing-crm\backend\venv\Lib\site-packages\rest_framework\serializers.py", line 728, in to_representation
    self.child.to_representation(item) for item in iterable
                                                   ^^^^^^^^
  File "D:\car-detailing-crm\backend\venv\Lib\site-packages\django\db\models\query.py", line 390, in __iter__
    self._fetch_all()
    ~~~~~~~~~~~~~~~^^
  File "D:\car-detailing-crm\backend\venv\Lib\site-packages\django\db\models\query.py", line 2002, in _fetch_all
    self._prefetch_related_objects()
    ~~~~~~~~~~~~~~~~~~~~~~~~~~~~~~^^
  File "D:\car-detailing-crm\backend\venv\Lib\site-packages\django\db\models\query.py", line 1369, in _prefetch_related_objects
    prefetch_related_objects(self._result_cache, *self._prefetch_related_lookups)
    ~~~~~~~~~~~~~~~~~~~~~~~~^^^^^^^^^^^^^^^^^^^^^^^^^^^^^^^^^^^^^^^^^^^^^^^^^^^^^
  File "D:\car-detailing-crm\backend\venv\Lib\site-packages\django\db\models\query.py", line 2426, in prefetch_related_objects
    raise AttributeError(
    ...<7 lines>...
    )
AttributeError: Cannot find 'job_card_products' on JobCardService object, 'job_card_services__job_card_products__usages' is an invalid parameter to prefetch_related()
2026-07-01 19:12:08,208 | ERROR    | django.server | "GET /api/jobcards/ HTTP/1.1" 500 25208
2026-07-01 19:15:25,579 | INFO     | django.utils.autoreload | D:\car-detailing-crm\backend\apps\jobcards\views.py changed, reloading.
2026-07-01 19:15:29,456 | INFO     | apps.notifications.scheduler | Notification scheduler started — service_reminder: daily 10:00 AM | auto_absent: every 1 hr
2026-07-01 19:15:29,481 | INFO     | django.utils.autoreload | Watching for file changes with StatReloader
2026-07-01 19:15:44,793 | INFO     | django.server | "GET /api/customers/vehicle-companies/ HTTP/1.1" 200 106
2026-07-01 19:15:44,823 | INFO     | django.server | "GET /api/customers/vehicle-companies/ HTTP/1.1" 200 106
2026-07-01 19:15:44,843 | INFO     | django.server | "GET /api/employees/ HTTP/1.1" 200 390
2026-07-01 19:15:44,862 | INFO     | django.server | "GET /api/jobcards/customer-tiers/ HTTP/1.1" 200 251
2026-07-01 19:15:44,877 | INFO     | django.server | "GET /api/employees/ HTTP/1.1" 200 390
2026-07-01 19:15:44,887 | INFO     | django.server | "GET /api/jobcards/customer-tiers/ HTTP/1.1" 200 251
2026-07-01 19:15:45,098 | ERROR    | django.request | Internal Server Error: /api/jobcards/
Traceback (most recent call last):
  File "D:\car-detailing-crm\backend\venv\Lib\site-packages\django\core\handlers\exception.py", line 55, in inner
    response = get_response(request)
  File "D:\car-detailing-crm\backend\venv\Lib\site-packages\django\core\handlers\base.py", line 198, in _get_response
    response = wrapped_callback(request, *callback_args, **callback_kwargs)
  File "D:\car-detailing-crm\backend\venv\Lib\site-packages\django\views\decorators\csrf.py", line 65, in _view_wrapper
    return view_func(request, *args, **kwargs)
  File "D:\car-detailing-crm\backend\venv\Lib\site-packages\django\views\generic\base.py", line 106, in view
    return self.dispatch(request, *args, **kwargs)
           ~~~~~~~~~~~~~^^^^^^^^^^^^^^^^^^^^^^^^^^
  File "D:\car-detailing-crm\backend\venv\Lib\site-packages\rest_framework\views.py", line 515, in dispatch
    response = self.handle_exception(exc)
  File "D:\car-detailing-crm\backend\venv\Lib\site-packages\rest_framework\views.py", line 475, in handle_exception
    self.raise_uncaught_exception(exc)
    ~~~~~~~~~~~~~~~~~~~~~~~~~~~~~^^^^^
  File "D:\car-detailing-crm\backend\venv\Lib\site-packages\rest_framework\views.py", line 486, in raise_uncaught_exception
    raise exc
  File "D:\car-detailing-crm\backend\venv\Lib\site-packages\rest_framework\views.py", line 512, in dispatch
    response = handler(request, *args, **kwargs)
  File "D:\car-detailing-crm\backend\apps\jobcards\views.py", line 139, in get
    return Response(serializer.data)
                    ^^^^^^^^^^^^^^^
  File "D:\car-detailing-crm\backend\venv\Lib\site-packages\rest_framework\serializers.py", line 809, in data
    ret = super().data
          ^^^^^^^^^^^^
  File "D:\car-detailing-crm\backend\venv\Lib\site-packages\rest_framework\serializers.py", line 251, in data
    self._data = self.to_representation(self.instance)
                 ~~~~~~~~~~~~~~~~~~~~~~^^^^^^^^^^^^^^^
  File "D:\car-detailing-crm\backend\venv\Lib\site-packages\rest_framework\serializers.py", line 728, in to_representation
    self.child.to_representation(item) for item in iterable
                                                   ^^^^^^^^
  File "D:\car-detailing-crm\backend\venv\Lib\site-packages\django\db\models\query.py", line 390, in __iter__
    self._fetch_all()
    ~~~~~~~~~~~~~~~^^
  File "D:\car-detailing-crm\backend\venv\Lib\site-packages\django\db\models\query.py", line 2002, in _fetch_all
    self._prefetch_related_objects()
    ~~~~~~~~~~~~~~~~~~~~~~~~~~~~~~^^
  File "D:\car-detailing-crm\backend\venv\Lib\site-packages\django\db\models\query.py", line 1369, in _prefetch_related_objects
    prefetch_related_objects(self._result_cache, *self._prefetch_related_lookups)
    ~~~~~~~~~~~~~~~~~~~~~~~~^^^^^^^^^^^^^^^^^^^^^^^^^^^^^^^^^^^^^^^^^^^^^^^^^^^^^
  File "D:\car-detailing-crm\backend\venv\Lib\site-packages\django\db\models\query.py", line 2426, in prefetch_related_objects
    raise AttributeError(
    ...<7 lines>...
    )
AttributeError: Cannot find 'job_card_product_set' on JobCardService object, 'job_card_services__job_card_product_set__jobcardproductusage_set' is an invalid parameter to prefetch_related()
2026-07-01 19:15:45,131 | ERROR    | django.server | "GET /api/jobcards/ HTTP/1.1" 500 25254
2026-07-01 19:15:45,314 | ERROR    | django.request | Internal Server Error: /api/jobcards/
Traceback (most recent call last):
  File "D:\car-detailing-crm\backend\venv\Lib\site-packages\django\core\handlers\exception.py", line 55, in inner
    response = get_response(request)
  File "D:\car-detailing-crm\backend\venv\Lib\site-packages\django\core\handlers\base.py", line 198, in _get_response
    response = wrapped_callback(request, *callback_args, **callback_kwargs)
  File "D:\car-detailing-crm\backend\venv\Lib\site-packages\django\views\decorators\csrf.py", line 65, in _view_wrapper
    return view_func(request, *args, **kwargs)
  File "D:\car-detailing-crm\backend\venv\Lib\site-packages\django\views\generic\base.py", line 106, in view
    return self.dispatch(request, *args, **kwargs)
           ~~~~~~~~~~~~~^^^^^^^^^^^^^^^^^^^^^^^^^^
  File "D:\car-detailing-crm\backend\venv\Lib\site-packages\rest_framework\views.py", line 515, in dispatch
    response = self.handle_exception(exc)
  File "D:\car-detailing-crm\backend\venv\Lib\site-packages\rest_framework\views.py", line 475, in handle_exception
    self.raise_uncaught_exception(exc)
    ~~~~~~~~~~~~~~~~~~~~~~~~~~~~~^^^^^
  File "D:\car-detailing-crm\backend\venv\Lib\site-packages\rest_framework\views.py", line 486, in raise_uncaught_exception
    raise exc
  File "D:\car-detailing-crm\backend\venv\Lib\site-packages\rest_framework\views.py", line 512, in dispatch
    response = handler(request, *args, **kwargs)
  File "D:\car-detailing-crm\backend\apps\jobcards\views.py", line 139, in get
    return Response(serializer.data)
                    ^^^^^^^^^^^^^^^
  File "D:\car-detailing-crm\backend\venv\Lib\site-packages\rest_framework\serializers.py", line 809, in data
    ret = super().data
          ^^^^^^^^^^^^
  File "D:\car-detailing-crm\backend\venv\Lib\site-packages\rest_framework\serializers.py", line 251, in data
    self._data = self.to_representation(self.instance)
                 ~~~~~~~~~~~~~~~~~~~~~~^^^^^^^^^^^^^^^
  File "D:\car-detailing-crm\backend\venv\Lib\site-packages\rest_framework\serializers.py", line 728, in to_representation
    self.child.to_representation(item) for item in iterable
                                                   ^^^^^^^^
  File "D:\car-detailing-crm\backend\venv\Lib\site-packages\django\db\models\query.py", line 390, in __iter__
    self._fetch_all()
    ~~~~~~~~~~~~~~~^^
  File "D:\car-detailing-crm\backend\venv\Lib\site-packages\django\db\models\query.py", line 2002, in _fetch_all
    self._prefetch_related_objects()
    ~~~~~~~~~~~~~~~~~~~~~~~~~~~~~~^^
  File "D:\car-detailing-crm\backend\venv\Lib\site-packages\django\db\models\query.py", line 1369, in _prefetch_related_objects
    prefetch_related_objects(self._result_cache, *self._prefetch_related_lookups)
    ~~~~~~~~~~~~~~~~~~~~~~~~^^^^^^^^^^^^^^^^^^^^^^^^^^^^^^^^^^^^^^^^^^^^^^^^^^^^^
  File "D:\car-detailing-crm\backend\venv\Lib\site-packages\django\db\models\query.py", line 2426, in prefetch_related_objects
    raise AttributeError(
    ...<7 lines>...
    )
AttributeError: Cannot find 'job_card_product_set' on JobCardService object, 'job_card_services__job_card_product_set__jobcardproductusage_set' is an invalid parameter to prefetch_related()
2026-07-01 19:15:45,325 | ERROR    | django.server | "GET /api/jobcards/ HTTP/1.1" 500 25254
2026-07-01 19:22:44,688 | INFO     | apps.notifications.scheduler | Notification scheduler started — service_reminder: daily 10:00 AM | auto_absent: every 1 hr
2026-07-01 19:22:44,714 | INFO     | django.utils.autoreload | Watching for file changes with StatReloader
2026-07-01 19:22:49,423 | INFO     | django.server | "GET /api/customers/vehicle-companies/ HTTP/1.1" 200 106
2026-07-01 19:22:49,467 | INFO     | django.server | "GET /api/employees/ HTTP/1.1" 200 390
2026-07-01 19:22:49,468 | INFO     | django.server | "GET /api/customers/vehicle-companies/ HTTP/1.1" 200 106
2026-07-01 19:22:49,467 | INFO     | django.server | "GET /api/jobcards/customer-tiers/ HTTP/1.1" 200 251
2026-07-01 19:22:49,502 | INFO     | django.server | "GET /api/jobcards/customer-tiers/ HTTP/1.1" 200 251
2026-07-01 19:22:49,668 | INFO     | django.server | "GET /api/employees/ HTTP/1.1" 200 390
2026-07-01 19:22:49,899 | ERROR    | django.request | Internal Server Error: /api/jobcards/
Traceback (most recent call last):
  File "D:\car-detailing-crm\backend\venv\Lib\site-packages\django\core\handlers\exception.py", line 55, in inner
    response = get_response(request)
  File "D:\car-detailing-crm\backend\venv\Lib\site-packages\django\core\handlers\base.py", line 198, in _get_response
    response = wrapped_callback(request, *callback_args, **callback_kwargs)
  File "D:\car-detailing-crm\backend\venv\Lib\site-packages\django\views\decorators\csrf.py", line 65, in _view_wrapper
    return view_func(request, *args, **kwargs)
  File "D:\car-detailing-crm\backend\venv\Lib\site-packages\django\views\generic\base.py", line 106, in view
    return self.dispatch(request, *args, **kwargs)
           ~~~~~~~~~~~~~^^^^^^^^^^^^^^^^^^^^^^^^^^
  File "D:\car-detailing-crm\backend\venv\Lib\site-packages\rest_framework\views.py", line 515, in dispatch
    response = self.handle_exception(exc)
  File "D:\car-detailing-crm\backend\venv\Lib\site-packages\rest_framework\views.py", line 475, in handle_exception
    self.raise_uncaught_exception(exc)
    ~~~~~~~~~~~~~~~~~~~~~~~~~~~~~^^^^^
  File "D:\car-detailing-crm\backend\venv\Lib\site-packages\rest_framework\views.py", line 486, in raise_uncaught_exception
    raise exc
  File "D:\car-detailing-crm\backend\venv\Lib\site-packages\rest_framework\views.py", line 512, in dispatch
    response = handler(request, *args, **kwargs)
  File "D:\car-detailing-crm\backend\apps\jobcards\views.py", line 139, in get
    return Response(serializer.data)
                    ^^^^^^^^^^^^^^^
  File "D:\car-detailing-crm\backend\venv\Lib\site-packages\rest_framework\serializers.py", line 809, in data
    ret = super().data
          ^^^^^^^^^^^^
  File "D:\car-detailing-crm\backend\venv\Lib\site-packages\rest_framework\serializers.py", line 251, in data
    self._data = self.to_representation(self.instance)
                 ~~~~~~~~~~~~~~~~~~~~~~^^^^^^^^^^^^^^^
  File "D:\car-detailing-crm\backend\venv\Lib\site-packages\rest_framework\serializers.py", line 728, in to_representation
    self.child.to_representation(item) for item in iterable
    ~~~~~~~~~~~~~~~~~~~~~~~~~~~~^^^^^^
  File "D:\car-detailing-crm\backend\venv\Lib\site-packages\rest_framework\serializers.py", line 552, in to_representation
    ret[field.field_name] = field.to_representation(attribute)
                            ~~~~~~~~~~~~~~~~~~~~~~~^^^^^^^^^^^
  File "D:\car-detailing-crm\backend\venv\Lib\site-packages\rest_framework\serializers.py", line 728, in to_representation
    self.child.to_representation(item) for item in iterable
    ~~~~~~~~~~~~~~~~~~~~~~~~~~~~^^^^^^
  File "D:\car-detailing-crm\backend\venv\Lib\site-packages\rest_framework\serializers.py", line 552, in to_representation
    ret[field.field_name] = field.to_representation(attribute)
                            ~~~~~~~~~~~~~~~~~~~~~~~^^^^^^^^^^^
  File "D:\car-detailing-crm\backend\venv\Lib\site-packages\rest_framework\fields.py", line 1929, in to_representation
    return method(value)
  File "D:\car-detailing-crm\backend\apps\jobcards\serializers.py", line 41, in get_has_usages
    for jcp in obj.job_card_products.all()
               ^^^^^^^^^^^^^^^^^^^^^
AttributeError: 'JobCardService' object has no attribute 'job_card_products'
2026-07-01 19:22:49,932 | ERROR    | django.server | "GET /api/jobcards/ HTTP/1.1" 500 25279
2026-07-01 19:22:50,141 | ERROR    | django.request | Internal Server Error: /api/jobcards/
Traceback (most recent call last):
  File "D:\car-detailing-crm\backend\venv\Lib\site-packages\django\core\handlers\exception.py", line 55, in inner
    response = get_response(request)
  File "D:\car-detailing-crm\backend\venv\Lib\site-packages\django\core\handlers\base.py", line 198, in _get_response
    response = wrapped_callback(request, *callback_args, **callback_kwargs)
  File "D:\car-detailing-crm\backend\venv\Lib\site-packages\django\views\decorators\csrf.py", line 65, in _view_wrapper
    return view_func(request, *args, **kwargs)
  File "D:\car-detailing-crm\backend\venv\Lib\site-packages\django\views\generic\base.py", line 106, in view
    return self.dispatch(request, *args, **kwargs)
           ~~~~~~~~~~~~~^^^^^^^^^^^^^^^^^^^^^^^^^^
  File "D:\car-detailing-crm\backend\venv\Lib\site-packages\rest_framework\views.py", line 515, in dispatch
    response = self.handle_exception(exc)
  File "D:\car-detailing-crm\backend\venv\Lib\site-packages\rest_framework\views.py", line 475, in handle_exception
    self.raise_uncaught_exception(exc)
    ~~~~~~~~~~~~~~~~~~~~~~~~~~~~~^^^^^
  File "D:\car-detailing-crm\backend\venv\Lib\site-packages\rest_framework\views.py", line 486, in raise_uncaught_exception
    raise exc
  File "D:\car-detailing-crm\backend\venv\Lib\site-packages\rest_framework\views.py", line 512, in dispatch
    response = handler(request, *args, **kwargs)
  File "D:\car-detailing-crm\backend\apps\jobcards\views.py", line 139, in get
    return Response(serializer.data)
                    ^^^^^^^^^^^^^^^
  File "D:\car-detailing-crm\backend\venv\Lib\site-packages\rest_framework\serializers.py", line 809, in data
    ret = super().data
          ^^^^^^^^^^^^
  File "D:\car-detailing-crm\backend\venv\Lib\site-packages\rest_framework\serializers.py", line 251, in data
    self._data = self.to_representation(self.instance)
                 ~~~~~~~~~~~~~~~~~~~~~~^^^^^^^^^^^^^^^
  File "D:\car-detailing-crm\backend\venv\Lib\site-packages\rest_framework\serializers.py", line 728, in to_representation
    self.child.to_representation(item) for item in iterable
    ~~~~~~~~~~~~~~~~~~~~~~~~~~~~^^^^^^
  File "D:\car-detailing-crm\backend\venv\Lib\site-packages\rest_framework\serializers.py", line 552, in to_representation
    ret[field.field_name] = field.to_representation(attribute)
                            ~~~~~~~~~~~~~~~~~~~~~~~^^^^^^^^^^^
  File "D:\car-detailing-crm\backend\venv\Lib\site-packages\rest_framework\serializers.py", line 728, in to_representation
    self.child.to_representation(item) for item in iterable
    ~~~~~~~~~~~~~~~~~~~~~~~~~~~~^^^^^^
  File "D:\car-detailing-crm\backend\venv\Lib\site-packages\rest_framework\serializers.py", line 552, in to_representation
    ret[field.field_name] = field.to_representation(attribute)
                            ~~~~~~~~~~~~~~~~~~~~~~~^^^^^^^^^^^
  File "D:\car-detailing-crm\backend\venv\Lib\site-packages\rest_framework\fields.py", line 1929, in to_representation
    return method(value)
  File "D:\car-detailing-crm\backend\apps\jobcards\serializers.py", line 41, in get_has_usages
    for jcp in obj.job_card_products.all()
               ^^^^^^^^^^^^^^^^^^^^^
AttributeError: 'JobCardService' object has no attribute 'job_card_products'
2026-07-01 19:22:50,152 | ERROR    | django.server | "GET /api/jobcards/ HTTP/1.1" 500 25279
2026-07-01 19:23:46,527 | INFO     | django.utils.autoreload | D:\car-detailing-crm\backend\apps\jobcards\serializers.py changed, reloading.
2026-07-01 19:23:49,418 | INFO     | apps.notifications.scheduler | Notification scheduler started — service_reminder: daily 10:00 AM | auto_absent: every 1 hr
2026-07-01 19:23:49,446 | INFO     | django.utils.autoreload | Watching for file changes with StatReloader
2026-07-01 19:23:55,467 | INFO     | django.server | "GET /api/employees/ HTTP/1.1" 200 390
2026-07-01 19:23:55,467 | INFO     | django.server | "GET /api/customers/vehicle-companies/ HTTP/1.1" 200 106
2026-07-01 19:23:55,468 | INFO     | django.server | "GET /api/jobcards/customer-tiers/ HTTP/1.1" 200 251
2026-07-01 19:23:55,518 | INFO     | django.server | "GET /api/employees/ HTTP/1.1" 200 390
2026-07-01 19:23:55,519 | INFO     | django.server | "GET /api/customers/vehicle-companies/ HTTP/1.1" 200 106
2026-07-01 19:23:55,523 | INFO     | django.server | "GET /api/jobcards/customer-tiers/ HTTP/1.1" 200 251
2026-07-01 19:23:55,741 | INFO     | django.server | "GET /api/jobcards/ HTTP/1.1" 200 15494
2026-07-01 19:23:55,911 | INFO     | django.server | "GET /api/jobcards/ HTTP/1.1" 200 15494
2026-07-01 19:23:59,501 | INFO     | django.server | "GET /api/jobcards/customer-tiers/ HTTP/1.1" 200 251
2026-07-01 19:23:59,502 | INFO     | django.server | "GET /api/employees/ HTTP/1.1" 200 390
2026-07-01 19:23:59,507 | INFO     | django.server | "GET /api/customers/vehicle-companies/ HTTP/1.1" 200 106
2026-07-01 19:23:59,566 | INFO     | django.server | "GET /api/jobcards/customer-tiers/ HTTP/1.1" 200 251
2026-07-01 19:23:59,568 | INFO     | django.server | "GET /api/employees/ HTTP/1.1" 200 390
2026-07-01 19:23:59,567 | INFO     | django.server | "GET /api/customers/vehicle-companies/ HTTP/1.1" 200 106
2026-07-01 19:23:59,760 | INFO     | django.server | "GET /api/jobcards/ HTTP/1.1" 200 15494
2026-07-01 19:23:59,906 | INFO     | django.server | "GET /api/jobcards/ HTTP/1.1" 200 15494
2026-07-01 19:24:22,852 | INFO     | django.server | "GET /api/employees/ HTTP/1.1" 200 390
2026-07-01 19:24:22,855 | INFO     | django.server | "GET /api/jobcards/customer-tiers/ HTTP/1.1" 200 251
2026-07-01 19:24:22,854 | INFO     | django.server | "GET /api/customers/vehicle-companies/ HTTP/1.1" 200 106
2026-07-01 19:24:22,914 | INFO     | django.server | "GET /api/employees/ HTTP/1.1" 200 390
2026-07-01 19:24:22,916 | INFO     | django.server | "GET /api/jobcards/customer-tiers/ HTTP/1.1" 200 251
2026-07-01 19:24:22,922 | INFO     | django.server | "GET /api/customers/vehicle-companies/ HTTP/1.1" 200 106
2026-07-01 19:24:23,106 | INFO     | django.server | "GET /api/jobcards/ HTTP/1.1" 200 15494
2026-07-01 19:24:23,452 | INFO     | django.server | "GET /api/jobcards/ HTTP/1.1" 200 15494
2026-07-01 19:24:45,529 | INFO     | django.server | "GET /api/customers/vehicle-companies/ HTTP/1.1" 200 106
2026-07-01 19:24:45,546 | INFO     | django.server | "GET /api/employees/ HTTP/1.1" 200 390
2026-07-01 19:24:45,574 | INFO     | django.server | "GET /api/jobcards/customer-tiers/ HTTP/1.1" 200 251
2026-07-01 19:24:45,633 | INFO     | django.server | "GET /api/customers/vehicle-companies/ HTTP/1.1" 200 106
2026-07-01 19:24:45,639 | INFO     | django.server | "GET /api/employees/ HTTP/1.1" 200 390
2026-07-01 19:24:45,740 | INFO     | django.server | "GET /api/jobcards/customer-tiers/ HTTP/1.1" 200 251
2026-07-01 19:24:45,748 | INFO     | django.server | "GET /api/jobcards/ HTTP/1.1" 200 15494
2026-07-01 19:24:45,949 | INFO     | django.server | "GET /api/jobcards/ HTTP/1.1" 200 15494
2026-07-01 19:28:01,089 | INFO     | django.server | "OPTIONS /api/settings/ HTTP/1.1" 200 0
2026-07-01 19:28:01,090 | INFO     | django.server | "OPTIONS /api/settings/ HTTP/1.1" 200 0
2026-07-01 19:28:01,128 | INFO     | django.server | "GET /api/settings/ HTTP/1.1" 200 8069
2026-07-01 19:28:01,162 | INFO     | django.server | "GET /api/settings/ HTTP/1.1" 200 8069
2026-07-01 19:28:01,271 | INFO     | django.server | "OPTIONS /api/settings/staff-users/ HTTP/1.1" 200 0
2026-07-01 19:28:01,272 | INFO     | django.server | "OPTIONS /api/settings/staff-users/ HTTP/1.1" 200 0
2026-07-01 19:28:01,307 | INFO     | django.server | "GET /api/settings/staff-users/ HTTP/1.1" 200 2
2026-07-01 19:28:01,325 | INFO     | django.server | "GET /api/settings/staff-users/ HTTP/1.1" 200 2
2026-07-01 19:29:38,301 | INFO     | django.server | "GET /api/jobcards/customer-tiers/ HTTP/1.1" 200 251
2026-07-01 19:29:38,302 | INFO     | django.server | "GET /api/employees/ HTTP/1.1" 200 390
2026-07-01 19:29:38,308 | INFO     | django.server | "GET /api/customers/vehicle-companies/ HTTP/1.1" 200 106
2026-07-01 19:29:38,379 | INFO     | django.server | "GET /api/customers/vehicle-companies/ HTTP/1.1" 200 106
2026-07-01 19:29:38,389 | INFO     | django.server | "GET /api/jobcards/customer-tiers/ HTTP/1.1" 200 251
2026-07-01 19:29:38,390 | INFO     | django.server | "GET /api/employees/ HTTP/1.1" 200 390
2026-07-01 19:29:38,518 | INFO     | django.server | "GET /api/jobcards/ HTTP/1.1" 200 15494
2026-07-01 19:29:38,686 | INFO     | django.server | "GET /api/jobcards/ HTTP/1.1" 200 15494
2026-07-01 19:29:43,355 | INFO     | django.server | "GET /api/employees/ HTTP/1.1" 200 390
2026-07-01 19:29:43,356 | INFO     | django.server | "GET /api/settings/ HTTP/1.1" 200 8069
2026-07-01 19:29:43,357 | INFO     | django.server | "GET /api/jobcards/customer-tiers/ HTTP/1.1" 200 251
2026-07-01 19:29:43,388 | INFO     | django.server | "GET /api/employees/ HTTP/1.1" 200 390
2026-07-01 19:29:43,392 | INFO     | django.server | "GET /api/settings/ HTTP/1.1" 200 8069
2026-07-01 19:29:43,397 | INFO     | django.server | "GET /api/jobcards/customer-tiers/ HTTP/1.1" 200 251
2026-07-01 19:29:56,555 | INFO     | django.server | "OPTIONS /api/customers/check-vehicle/?vehicle_number=TN49AD1989 HTTP/1.1" 200 0
2026-07-01 19:29:56,578 | INFO     | django.server | "GET /api/customers/check-vehicle/?vehicle_number=TN49AD1989 HTTP/1.1" 200 16
2026-07-01 19:30:46,519 | INFO     | django.server | "OPTIONS /api/customers/vehicle-companies/?q=&vehicle_type=four_wheeler HTTP/1.1" 200 0
2026-07-01 19:30:46,536 | INFO     | django.server | "GET /api/customers/vehicle-companies/?q=&vehicle_type=four_wheeler HTTP/1.1" 200 55
2026-07-01 19:30:49,333 | INFO     | django.server | "OPTIONS /api/customers/vehicle-models/?q=&company=Honda HTTP/1.1" 200 0
2026-07-01 19:30:49,363 | INFO     | django.server | "GET /api/customers/vehicle-models/?q=&company=Honda HTTP/1.1" 200 47
2026-07-01 19:30:52,131 | INFO     | django.server | "OPTIONS /api/customers/vehicle-colours/?q= HTTP/1.1" 200 0
2026-07-01 19:30:52,156 | INFO     | django.server | "GET /api/customers/vehicle-colours/?q= HTTP/1.1" 200 49
2026-07-01 19:31:02,355 | INFO     | django.server | "OPTIONS /api/customers/check-customer/?phone_number=9444408297 HTTP/1.1" 200 0
2026-07-01 19:31:02,375 | INFO     | django.server | "GET /api/customers/check-customer/?phone_number=9444408297 HTTP/1.1" 200 16
2026-07-01 19:31:02,413 | INFO     | django.server | "OPTIONS /api/services/four_wheeler/ HTTP/1.1" 200 0
2026-07-01 19:31:02,506 | INFO     | django.server | "GET /api/services/four_wheeler/ HTTP/1.1" 200 1819
2026-07-01 19:31:18,475 | INFO     | django.server | "OPTIONS /api/jobcards/create-full/ HTTP/1.1" 200 0
2026-07-01 19:31:18,487 | INFO     | apps.jobcards.views | Job card create requested | owner_type=customer
2026-07-01 19:31:18,808 | INFO     | apps.jobcards.views | Job card created | id=12 number=JC-2026-012 owner_type=customer total=2631.4000
2026-07-01 19:31:18,934 | INFO     | apps.notifications.signals | Notification 27 dispatching to 919444408297 | trigger=job_checkin
2026-07-01 19:31:18,939 | INFO     | apps.jobcards.views | Job card check-in notification queued | number=JC-2026-012 phone=9444408297
2026-07-01 19:31:19,040 | ERROR    | apps.notifications.whatsapp | META_WHATSAPP_ACCESS_TOKEN or META_WHATSAPP_PHONE_NUMBER_ID not set in settings.
2026-07-01 19:31:19,091 | INFO     | django.server | "POST /api/jobcards/create-full/ HTTP/1.1" 201 1687
2026-07-01 19:31:19,154 | INFO     | django.server | "OPTIONS /api/jobcards/12/ HTTP/1.1" 200 0
2026-07-01 19:31:19,157 | INFO     | django.server | "OPTIONS /api/services/ HTTP/1.1" 200 0
2026-07-01 19:31:19,158 | INFO     | django.server | "OPTIONS /api/jobcards/12/ HTTP/1.1" 200 0
2026-07-01 19:31:19,163 | INFO     | django.server | "GET /api/settings/ HTTP/1.1" 200 8069
2026-07-01 19:31:19,180 | INFO     | django.server | "OPTIONS /api/services/ HTTP/1.1" 200 0
2026-07-01 19:31:19,207 | ERROR    | apps.notifications.signals | Notification 27 failed: Missing WhatsApp credentials in environment.
2026-07-01 19:31:19,322 | INFO     | django.server | "GET /api/services/ HTTP/1.1" 200 2632
2026-07-01 19:31:19,406 | INFO     | django.server | "GET /api/jobcards/12/ HTTP/1.1" 200 1687
2026-07-01 19:31:19,450 | INFO     | django.server | "GET /api/services/ HTTP/1.1" 200 2632
2026-07-01 19:31:19,463 | INFO     | django.server | "GET /api/employees/ HTTP/1.1" 200 390
2026-07-01 19:31:19,494 | INFO     | django.server | "GET /api/employees/ HTTP/1.1" 200 390
2026-07-01 19:31:19,611 | INFO     | django.server | "GET /api/jobcards/12/ HTTP/1.1" 200 1687
2026-07-01 19:31:22,127 | INFO     | django.server | "GET /api/jobcards/customer-tiers/ HTTP/1.1" 200 325
2026-07-01 19:31:22,127 | INFO     | django.server | "GET /api/customers/vehicle-companies/ HTTP/1.1" 200 106
2026-07-01 19:31:22,128 | INFO     | django.server | "GET /api/employees/ HTTP/1.1" 200 390
2026-07-01 19:31:22,188 | INFO     | django.server | "GET /api/jobcards/customer-tiers/ HTTP/1.1" 200 325
2026-07-01 19:31:22,190 | INFO     | django.server | "GET /api/customers/vehicle-companies/ HTTP/1.1" 200 106
2026-07-01 19:31:22,205 | INFO     | django.server | "GET /api/employees/ HTTP/1.1" 200 390
2026-07-01 19:31:22,580 | INFO     | django.server | "GET /api/jobcards/ HTTP/1.1" 200 17182
2026-07-01 19:31:22,780 | INFO     | django.server | "GET /api/jobcards/ HTTP/1.1" 200 17182
2026-07-01 19:31:47,485 | INFO     | django.server | "GET /api/jobcards/customer-tiers/ HTTP/1.1" 200 325
2026-07-01 19:31:47,563 | INFO     | django.server | "GET /api/employees/ HTTP/1.1" 200 390
2026-07-01 19:31:47,582 | INFO     | django.server | "GET /api/jobcards/customer-tiers/ HTTP/1.1" 200 325
2026-07-01 19:31:47,583 | INFO     | django.server | "GET /api/customers/vehicle-companies/ HTTP/1.1" 200 106
2026-07-01 19:31:47,620 | INFO     | django.server | "GET /api/customers/vehicle-companies/ HTTP/1.1" 200 106
2026-07-01 19:31:47,730 | INFO     | django.server | "GET /api/employees/ HTTP/1.1" 200 390
2026-07-01 19:31:47,876 | INFO     | django.server | "GET /api/jobcards/ HTTP/1.1" 200 17182
2026-07-01 19:31:48,318 | INFO     | django.server | "GET /api/jobcards/ HTTP/1.1" 200 17182
2026-07-01 19:34:09,955 | INFO     | django.server | "GET /api/employees/ HTTP/1.1" 200 390
2026-07-01 19:34:09,979 | INFO     | django.server | "GET /api/employees/ HTTP/1.1" 200 390
2026-07-01 19:34:10,082 | INFO     | django.server | "GET /api/settings/ HTTP/1.1" 200 8069
2026-07-01 19:34:10,082 | INFO     | django.server | "GET /api/jobcards/customer-tiers/ HTTP/1.1" 200 325
2026-07-01 19:34:10,106 | INFO     | django.server | "GET /api/jobcards/customer-tiers/ HTTP/1.1" 200 325
2026-07-01 19:34:10,119 | INFO     | django.server | "GET /api/settings/ HTTP/1.1" 200 8069
2026-07-01 19:35:03,531 | INFO     | django.server | "OPTIONS /api/customers/garages/ HTTP/1.1" 200 0
2026-07-01 19:35:03,562 | INFO     | django.server | "GET /api/customers/garages/ HTTP/1.1" 200 163
2026-07-01 19:35:06,024 | INFO     | django.server | "OPTIONS /api/customers/check-vehicle/?vehicle_number=TN99AJ4545 HTTP/1.1" 200 0
2026-07-01 19:35:06,061 | INFO     | django.server | "GET /api/customers/check-vehicle/?vehicle_number=TN99AJ4545 HTTP/1.1" 200 16
2026-07-01 19:35:11,260 | INFO     | django.server | "GET /api/customers/vehicle-companies/?q=&vehicle_type=four_wheeler HTTP/1.1" 200 55
2026-07-01 19:35:28,043 | INFO     | django.server | "OPTIONS /api/customers/vehicle-companies/?q=MA&vehicle_type=four_wheeler HTTP/1.1" 200 0
2026-07-01 19:35:28,062 | INFO     | django.server | "GET /api/customers/vehicle-companies/?q=MA&vehicle_type=four_wheeler HTTP/1.1" 200 2
2026-07-01 19:35:28,962 | INFO     | django.server | "OPTIONS /api/customers/vehicle-companies/?q=MAruth&vehicle_type=four_wheeler HTTP/1.1" 200 0
2026-07-01 19:35:28,977 | INFO     | django.server | "GET /api/customers/vehicle-companies/?q=MAruth&vehicle_type=four_wheeler HTTP/1.1" 200 2
2026-07-01 19:35:29,430 | INFO     | django.server | "OPTIONS /api/customers/vehicle-companies/?q=MAruthi+&vehicle_type=four_wheeler HTTP/1.1" 200 0
2026-07-01 19:35:29,446 | INFO     | django.server | "GET /api/customers/vehicle-companies/?q=MAruthi+&vehicle_type=four_wheeler HTTP/1.1" 200 2
2026-07-01 19:35:29,913 | INFO     | django.server | "OPTIONS /api/customers/vehicle-companies/?q=MAruthi+S&vehicle_type=four_wheeler HTTP/1.1" 200 0
2026-07-01 19:35:29,926 | INFO     | django.server | "GET /api/customers/vehicle-companies/?q=MAruthi+S&vehicle_type=four_wheeler HTTP/1.1" 200 2
2026-07-01 19:35:30,223 | INFO     | django.server | "OPTIONS /api/customers/vehicle-companies/?q=MAruthi+Su&vehicle_type=four_wheeler HTTP/1.1" 200 0
2026-07-01 19:35:30,238 | INFO     | django.server | "GET /api/customers/vehicle-companies/?q=MAruthi+Su&vehicle_type=four_wheeler HTTP/1.1" 200 2
2026-07-01 19:35:30,829 | INFO     | django.server | "OPTIONS /api/customers/vehicle-companies/?q=MAruthi+Suzu&vehicle_type=four_wheeler HTTP/1.1" 200 0
2026-07-01 19:35:30,844 | INFO     | django.server | "GET /api/customers/vehicle-companies/?q=MAruthi+Suzu&vehicle_type=four_wheeler HTTP/1.1" 200 2
2026-07-01 19:35:31,563 | INFO     | django.server | "OPTIONS /api/customers/vehicle-companies/?q=MAruthi+Suzuki+&vehicle_type=four_wheeler HTTP/1.1" 200 0
2026-07-01 19:35:31,580 | INFO     | django.server | "GET /api/customers/vehicle-companies/?q=MAruthi+Suzuki+&vehicle_type=four_wheeler HTTP/1.1" 200 2
2026-07-01 19:35:32,755 | INFO     | django.server | "POST /api/customers/vehicle-companies/ HTTP/1.1" 201 62
2026-07-01 19:35:35,456 | INFO     | django.server | "OPTIONS /api/customers/vehicle-companies/?q=Msruthi+Suzuki&vehicle_type=four_wheeler HTTP/1.1" 200 0
2026-07-01 19:35:35,472 | INFO     | django.server | "GET /api/customers/vehicle-companies/?q=Msruthi+Suzuki&vehicle_type=four_wheeler HTTP/1.1" 200 2
2026-07-01 19:35:36,186 | INFO     | django.server | "OPTIONS /api/customers/vehicle-companies/?q=Maruthi+Suzuki&vehicle_type=four_wheeler HTTP/1.1" 200 0
2026-07-01 19:35:36,204 | INFO     | django.server | "GET /api/customers/vehicle-companies/?q=Maruthi+Suzuki&vehicle_type=four_wheeler HTTP/1.1" 200 64
2026-07-01 19:35:39,815 | INFO     | django.server | "OPTIONS /api/customers/vehicle-models/?q=&company=Maruthi+Suzuki HTTP/1.1" 200 0
2026-07-01 19:35:39,829 | INFO     | django.server | "GET /api/customers/vehicle-models/?q=&company=Maruthi+Suzuki HTTP/1.1" 200 2
2026-07-01 19:35:42,024 | INFO     | django.server | "OPTIONS /api/customers/vehicle-models/?q=B&company=Maruthi+Suzuki HTTP/1.1" 200 0
2026-07-01 19:35:42,042 | INFO     | django.server | "GET /api/customers/vehicle-models/?q=B&company=Maruthi+Suzuki HTTP/1.1" 200 2
2026-07-01 19:35:42,725 | INFO     | django.server | "OPTIONS /api/customers/vehicle-models/?q=Bale&company=Maruthi+Suzuki HTTP/1.1" 200 0
2026-07-01 19:35:42,739 | INFO     | django.server | "GET /api/customers/vehicle-models/?q=Bale&company=Maruthi+Suzuki HTTP/1.1" 200 2
2026-07-01 19:35:43,159 | INFO     | django.server | "OPTIONS /api/customers/vehicle-models/?q=Baleno&company=Maruthi+Suzuki HTTP/1.1" 200 0
2026-07-01 19:35:43,174 | INFO     | django.server | "GET /api/customers/vehicle-models/?q=Baleno&company=Maruthi+Suzuki HTTP/1.1" 200 2
2026-07-01 19:35:44,569 | INFO     | django.server | "OPTIONS /api/customers/vehicle-models/ HTTP/1.1" 200 0
2026-07-01 19:35:44,587 | INFO     | django.server | "POST /api/customers/vehicle-models/ HTTP/1.1" 201 56
2026-07-01 19:35:45,743 | INFO     | django.server | "GET /api/customers/vehicle-colours/?q= HTTP/1.1" 200 49
2026-07-01 19:35:46,533 | INFO     | django.server | "OPTIONS /api/customers/vehicle-colours/?q=B HTTP/1.1" 200 0
2026-07-01 19:35:46,548 | INFO     | django.server | "GET /api/customers/vehicle-colours/?q=B HTTP/1.1" 200 25
2026-07-01 19:35:46,797 | INFO     | django.server | "OPTIONS /api/customers/vehicle-colours/?q=Bl HTTP/1.1" 200 0
2026-07-01 19:35:46,811 | INFO     | django.server | "GET /api/customers/vehicle-colours/?q=Bl HTTP/1.1" 200 25
2026-07-01 19:35:47,113 | INFO     | django.server | "OPTIONS /api/customers/vehicle-colours/?q=Blu HTTP/1.1" 200 0
2026-07-01 19:35:47,128 | INFO     | django.server | "GET /api/customers/vehicle-colours/?q=Blu HTTP/1.1" 200 2
2026-07-01 19:35:47,516 | INFO     | django.server | "OPTIONS /api/customers/vehicle-colours/?q=Blue HTTP/1.1" 200 0
2026-07-01 19:35:47,528 | INFO     | django.server | "GET /api/customers/vehicle-colours/?q=Blue HTTP/1.1" 200 2
2026-07-01 19:35:48,648 | INFO     | django.server | "OPTIONS /api/customers/vehicle-colours/ HTTP/1.1" 200 0
2026-07-01 19:35:48,667 | INFO     | django.server | "POST /api/customers/vehicle-colours/ HTTP/1.1" 201 22
2026-07-01 19:35:52,972 | INFO     | django.server | "OPTIONS /api/customers/check-customer/?phone_number= HTTP/1.1" 200 0
2026-07-01 19:35:52,987 | INFO     | django.server | "GET /api/customers/check-customer/?phone_number= HTTP/1.1" 200 16
2026-07-01 19:35:53,083 | INFO     | django.server | "GET /api/services/four_wheeler/ HTTP/1.1" 200 1819
2026-07-01 19:36:09,483 | INFO     | django.server | "GET /api/settings/ HTTP/1.1" 200 8069
2026-07-01 19:36:19,095 | INFO     | apps.jobcards.views | Job card create requested | owner_type=customer
2026-07-01 19:36:19,200 | INFO     | apps.jobcards.views | Job card created | id=13 number=JC-2026-013 owner_type=customer total=3044.4000
2026-07-01 19:36:19,211 | INFO     | apps.notifications.signals | Notification 28 dispatching to 919445298897 | trigger=job_checkin
2026-07-01 19:36:19,212 | INFO     | apps.jobcards.views | Job card check-in notification queued | number=JC-2026-013 phone=9445298897
2026-07-01 19:36:19,314 | ERROR    | apps.notifications.whatsapp | META_WHATSAPP_ACCESS_TOKEN or META_WHATSAPP_PHONE_NUMBER_ID not set in settings.
2026-07-01 19:36:19,343 | INFO     | django.server | "POST /api/jobcards/create-full/ HTTP/1.1" 201 1750
2026-07-01 19:36:19,394 | INFO     | django.server | "GET /api/settings/ HTTP/1.1" 200 8069
2026-07-01 19:36:19,406 | INFO     | django.server | "OPTIONS /api/jobcards/13/ HTTP/1.1" 200 0
2026-07-01 19:36:19,432 | INFO     | django.server | "OPTIONS /api/jobcards/13/ HTTP/1.1" 200 0
2026-07-01 19:36:19,470 | INFO     | django.server | "GET /api/employees/ HTTP/1.1" 200 390
2026-07-01 19:36:19,496 | ERROR    | apps.notifications.signals | Notification 28 failed: Missing WhatsApp credentials in environment.
2026-07-01 19:36:19,508 | INFO     | django.server | "GET /api/employees/ HTTP/1.1" 200 390
2026-07-01 19:36:19,696 | INFO     | django.server | "GET /api/services/ HTTP/1.1" 200 2632
2026-07-01 19:36:19,719 | INFO     | django.server | "GET /api/jobcards/13/ HTTP/1.1" 200 1750
2026-07-01 19:36:19,848 | INFO     | django.server | "GET /api/services/ HTTP/1.1" 200 2632
2026-07-01 19:36:19,942 | INFO     | django.server | "GET /api/jobcards/13/ HTTP/1.1" 200 1750
2026-07-01 19:36:23,083 | INFO     | django.server | "OPTIONS /api/vendors/ HTTP/1.1" 200 0
2026-07-01 19:36:23,085 | INFO     | django.server | "OPTIONS /api/vendors/ HTTP/1.1" 200 0
2026-07-01 19:36:23,168 | INFO     | django.server | "GET /api/vendors/ HTTP/1.1" 200 309
2026-07-01 19:36:23,198 | INFO     | django.server | "GET /api/vendors/ HTTP/1.1" 200 309
2026-07-01 19:36:26,087 | INFO     | django.server | "OPTIONS /api/finance/income/?month=2026-07&search= HTTP/1.1" 200 0
2026-07-01 19:36:26,090 | INFO     | django.server | "OPTIONS /api/finance/dashboard/?month=2026-07 HTTP/1.1" 200 0
2026-07-01 19:36:26,099 | INFO     | django.server | "OPTIONS /api/finance/dashboard/?month=2026-07 HTTP/1.1" 200 0
2026-07-01 19:36:26,100 | INFO     | django.server | "OPTIONS /api/finance/expense/?month=2026-07&search=&category= HTTP/1.1" 200 0
2026-07-01 19:36:26,102 | INFO     | django.server | "OPTIONS /api/finance/income/?month=2026-07&search= HTTP/1.1" 200 0
2026-07-01 19:36:26,109 | INFO     | django.server | "OPTIONS /api/finance/expense/?month=2026-07&search=&category= HTTP/1.1" 200 0
2026-07-01 19:36:26,190 | INFO     | django.server | "GET /api/finance/expense/?month=2026-07&search=&category= HTTP/1.1" 200 2
2026-07-01 19:36:26,214 | INFO     | django.server | "GET /api/finance/expense/?month=2026-07&search=&category= HTTP/1.1" 200 2
2026-07-01 19:36:26,232 | INFO     | django.server | "GET /api/finance/dashboard/?month=2026-07 HTTP/1.1" 200 1247
2026-07-01 19:36:26,276 | INFO     | django.server | "GET /api/finance/income/?month=2026-07&search= HTTP/1.1" 200 1240
2026-07-01 19:36:26,297 | INFO     | django.server | "GET /api/finance/dashboard/?month=2026-07 HTTP/1.1" 200 1247
2026-07-01 19:36:26,321 | INFO     | django.server | "GET /api/finance/income/?month=2026-07&search= HTTP/1.1" 200 1240
2026-07-01 19:36:47,242 | INFO     | django.server | "GET /api/jobcards/customer-tiers/ HTTP/1.1" 200 325
2026-07-01 19:36:47,245 | INFO     | django.server | "GET /api/employees/ HTTP/1.1" 200 390
2026-07-01 19:36:47,245 | INFO     | django.server | "GET /api/customers/vehicle-companies/ HTTP/1.1" 200 169
2026-07-01 19:36:47,286 | INFO     | django.server | "GET /api/jobcards/customer-tiers/ HTTP/1.1" 200 325
2026-07-01 19:36:47,304 | INFO     | django.server | "GET /api/customers/vehicle-companies/ HTTP/1.1" 200 169
2026-07-01 19:36:47,304 | INFO     | django.server | "GET /api/employees/ HTTP/1.1" 200 390
2026-07-01 19:36:47,593 | INFO     | django.server | "GET /api/jobcards/ HTTP/1.1" 200 18933
2026-07-01 19:36:47,806 | INFO     | django.server | "GET /api/jobcards/ HTTP/1.1" 200 18933
2026-07-01 19:36:50,692 | INFO     | django.server | "GET /api/customers/vehicle-companies/ HTTP/1.1" 200 169
2026-07-01 19:36:50,711 | INFO     | django.server | "GET /api/employees/ HTTP/1.1" 200 390
2026-07-01 19:36:50,726 | INFO     | django.server | "GET /api/jobcards/customer-tiers/ HTTP/1.1" 200 325
2026-07-01 19:36:50,742 | INFO     | django.server | "GET /api/customers/vehicle-companies/ HTTP/1.1" 200 169
2026-07-01 19:36:50,762 | INFO     | django.server | "GET /api/employees/ HTTP/1.1" 200 390
2026-07-01 19:36:50,771 | INFO     | django.server | "GET /api/jobcards/customer-tiers/ HTTP/1.1" 200 325
2026-07-01 19:36:50,881 | INFO     | django.server | "GET /api/jobcards/ HTTP/1.1" 200 18933
2026-07-01 19:36:51,055 | INFO     | django.server | "GET /api/jobcards/ HTTP/1.1" 200 18933
2026-07-01 19:38:08,661 | INFO     | django.server | "OPTIONS /api/jobcards/?owner_type=customer HTTP/1.1" 200 0
2026-07-01 19:38:08,803 | INFO     | django.server | "GET /api/jobcards/?owner_type=customer HTTP/1.1" 200 8653
2026-07-01 19:38:11,640 | INFO     | django.server | "OPTIONS /api/jobcards/?owner_type=garage HTTP/1.1" 200 0
2026-07-01 19:38:11,641 | INFO     | django.server | "OPTIONS /api/jobcards/garage-groups/ HTTP/1.1" 200 0
2026-07-01 19:38:11,642 | INFO     | django.server | "OPTIONS /api/jobcards/garage-groups/ HTTP/1.1" 200 0
2026-07-01 19:38:11,878 | INFO     | django.server | "GET /api/jobcards/?owner_type=garage HTTP/1.1" 200 10281
2026-07-01 19:38:11,992 | INFO     | django.server | "GET /api/jobcards/garage-groups/ HTTP/1.1" 200 10577
2026-07-01 19:38:12,222 | INFO     | django.server | "GET /api/jobcards/garage-groups/ HTTP/1.1" 200 10577
2026-07-01 19:38:14,461 | INFO     | django.server | "OPTIONS /api/jobcards/garage-groups/?garage_id=1 HTTP/1.1" 200 0
2026-07-01 19:38:14,462 | INFO     | django.server | "OPTIONS /api/jobcards/garage-groups/?garage_id=1 HTTP/1.1" 200 0
2026-07-01 19:38:14,701 | INFO     | django.server | "GET /api/jobcards/garage-groups/?garage_id=1 HTTP/1.1" 200 10577
2026-07-01 19:38:14,952 | INFO     | django.server | "GET /api/jobcards/garage-groups/?garage_id=1 HTTP/1.1" 200 10577
2026-07-01 19:38:33,989 | INFO     | django.server | "GET /api/jobcards/customer-tiers/ HTTP/1.1" 200 325
2026-07-01 19:38:33,991 | INFO     | django.server | "GET /api/customers/vehicle-companies/ HTTP/1.1" 200 169
2026-07-01 19:38:33,990 | INFO     | django.server | "GET /api/employees/ HTTP/1.1" 200 390
2026-07-01 19:38:34,052 | INFO     | django.server | "GET /api/jobcards/customer-tiers/ HTTP/1.1" 200 325
2026-07-01 19:38:34,062 | INFO     | django.server | "GET /api/employees/ HTTP/1.1" 200 390
2026-07-01 19:38:34,053 | INFO     | django.server | "GET /api/customers/vehicle-companies/ HTTP/1.1" 200 169
2026-07-01 19:38:34,263 | INFO     | django.server | "GET /api/jobcards/ HTTP/1.1" 200 18933
2026-07-01 19:38:34,499 | INFO     | django.server | "GET /api/jobcards/ HTTP/1.1" 200 18933
2026-07-01 19:38:39,364 | INFO     | django.server | "GET /api/jobcards/?owner_type=customer HTTP/1.1" 200 8653
2026-07-01 19:38:41,028 | INFO     | django.server | "GET /api/jobcards/?owner_type=garage HTTP/1.1" 200 10281
2026-07-01 19:38:41,156 | INFO     | django.server | "GET /api/jobcards/garage-groups/ HTTP/1.1" 200 10577
2026-07-01 19:38:41,369 | INFO     | django.server | "GET /api/jobcards/garage-groups/ HTTP/1.1" 200 10577
2026-07-01 19:38:43,491 | INFO     | django.server | "GET /api/jobcards/ HTTP/1.1" 200 18933
2026-07-01 19:38:46,708 | INFO     | django.server | "GET /api/employees/ HTTP/1.1" 200 390
2026-07-01 19:38:46,710 | INFO     | django.server | "GET /api/customers/vehicle-companies/ HTTP/1.1" 200 169
2026-07-01 19:38:46,720 | INFO     | django.server | "GET /api/jobcards/customer-tiers/ HTTP/1.1" 200 325
2026-07-01 19:38:46,797 | INFO     | django.server | "GET /api/employees/ HTTP/1.1" 200 390
2026-07-01 19:38:46,804 | INFO     | django.server | "GET /api/customers/vehicle-companies/ HTTP/1.1" 200 169
2026-07-01 19:38:46,821 | INFO     | django.server | "GET /api/jobcards/customer-tiers/ HTTP/1.1" 200 325
2026-07-01 19:38:46,949 | INFO     | django.server | "GET /api/jobcards/ HTTP/1.1" 200 18933
2026-07-01 19:38:47,106 | INFO     | django.server | "GET /api/jobcards/ HTTP/1.1" 200 18933
2026-07-01 19:38:56,220 | INFO     | django.server | "GET /api/employees/ HTTP/1.1" 200 390
2026-07-01 19:38:56,259 | INFO     | django.server | "GET /api/employees/ HTTP/1.1" 200 390
2026-07-01 19:38:56,350 | INFO     | django.server | "GET /api/services/ HTTP/1.1" 200 2632
2026-07-01 19:38:56,442 | INFO     | django.server | "GET /api/jobcards/13/ HTTP/1.1" 200 1750
2026-07-01 19:38:56,484 | INFO     | django.server | "GET /api/services/ HTTP/1.1" 200 2632
2026-07-01 19:38:56,592 | INFO     | django.server | "GET /api/jobcards/13/ HTTP/1.1" 200 1750
2026-07-01 19:39:00,192 | INFO     | django.server | "DELETE /api/jobcards/13/ HTTP/1.1" 204 0
2026-07-01 19:39:00,360 | INFO     | django.server | "GET /api/customers/vehicle-companies/ HTTP/1.1" 200 169
2026-07-01 19:39:00,372 | INFO     | django.server | "GET /api/jobcards/customer-tiers/ HTTP/1.1" 200 325
2026-07-01 19:39:00,373 | INFO     | django.server | "GET /api/employees/ HTTP/1.1" 200 390
2026-07-01 19:39:00,478 | INFO     | django.server | "GET /api/employees/ HTTP/1.1" 200 390
2026-07-01 19:39:00,479 | INFO     | django.server | "GET /api/jobcards/customer-tiers/ HTTP/1.1" 200 325
2026-07-01 19:39:00,478 | INFO     | django.server | "GET /api/customers/vehicle-companies/ HTTP/1.1" 200 169
2026-07-01 19:39:00,611 | INFO     | django.server | "GET /api/jobcards/ HTTP/1.1" 200 17182
2026-07-01 19:39:00,855 | INFO     | django.server | "GET /api/jobcards/ HTTP/1.1" 200 17182
2026-07-01 20:53:14,530 | INFO     | django.server | "GET /api/employees/ HTTP/1.1" 200 390
2026-07-01 20:53:14,531 | INFO     | django.server | "GET /api/jobcards/customer-tiers/ HTTP/1.1" 200 325
2026-07-01 20:53:14,631 | INFO     | django.server | "GET /api/employees/ HTTP/1.1" 200 390
2026-07-01 20:53:14,632 | INFO     | django.server | "GET /api/jobcards/customer-tiers/ HTTP/1.1" 200 325
2026-07-01 20:53:14,648 | INFO     | django.server | "GET /api/customers/vehicle-companies/ HTTP/1.1" 200 169
2026-07-01 20:53:14,781 | INFO     | django.server | "GET /api/customers/vehicle-companies/ HTTP/1.1" 200 169
2026-07-01 20:53:15,808 | INFO     | django.server | "GET /api/jobcards/ HTTP/1.1" 200 17182
2026-07-01 20:53:16,282 | INFO     | django.server | "GET /api/jobcards/ HTTP/1.1" 200 17182
2026-07-01 20:54:39,373 | INFO     | django.server | "GET /api/jobcards/customer-tiers/ HTTP/1.1" 200 325
2026-07-01 20:54:39,382 | INFO     | django.server | "GET /api/customers/vehicle-companies/ HTTP/1.1" 200 169
2026-07-01 20:54:39,386 | INFO     | django.server | "GET /api/employees/ HTTP/1.1" 200 390
2026-07-01 20:54:39,461 | INFO     | django.server | "GET /api/customers/vehicle-companies/ HTTP/1.1" 200 169
2026-07-01 20:54:39,462 | INFO     | django.server | "GET /api/jobcards/customer-tiers/ HTTP/1.1" 200 325
2026-07-01 20:54:39,557 | INFO     | django.server | "GET /api/jobcards/ HTTP/1.1" 200 17182
2026-07-01 20:54:39,610 | INFO     | django.server | "GET /api/employees/ HTTP/1.1" 200 390
2026-07-01 20:54:39,686 | INFO     | django.server | "GET /api/jobcards/ HTTP/1.1" 200 17182
2026-07-01 20:54:43,349 | INFO     | django.server | "GET /api/jobcards/customer-tiers/ HTTP/1.1" 200 325
2026-07-01 20:54:43,361 | INFO     | django.server | "GET /api/employees/ HTTP/1.1" 200 390
2026-07-01 20:54:43,365 | INFO     | django.server | "GET /api/customers/vehicle-companies/ HTTP/1.1" 200 169
2026-07-01 20:54:43,390 | INFO     | django.server | "GET /api/jobcards/customer-tiers/ HTTP/1.1" 200 325
2026-07-01 20:54:43,394 | INFO     | django.server | "GET /api/employees/ HTTP/1.1" 200 390
2026-07-01 20:54:43,400 | INFO     | django.server | "GET /api/customers/vehicle-companies/ HTTP/1.1" 200 169
2026-07-01 20:54:43,511 | INFO     | django.server | "GET /api/jobcards/ HTTP/1.1" 200 17182
2026-07-01 20:54:43,618 | INFO     | django.server | "GET /api/jobcards/ HTTP/1.1" 200 17182
2026-07-01 20:54:50,813 | INFO     | django.server | "GET /api/employees/ HTTP/1.1" 200 390
2026-07-01 20:54:50,829 | INFO     | django.server | "GET /api/settings/ HTTP/1.1" 200 8069
2026-07-01 20:54:50,841 | INFO     | django.server | "GET /api/employees/ HTTP/1.1" 200 390
2026-07-01 20:54:50,841 | INFO     | django.server | "GET /api/jobcards/customer-tiers/ HTTP/1.1" 200 325
2026-07-01 20:54:50,850 | INFO     | django.server | "GET /api/settings/ HTTP/1.1" 200 8069
2026-07-01 20:54:50,851 | INFO     | django.server | "GET /api/jobcards/customer-tiers/ HTTP/1.1" 200 325
2026-07-01 20:54:53,755 | INFO     | django.server | "GET /api/employees/ HTTP/1.1" 200 390
2026-07-01 20:54:53,759 | INFO     | django.server | "GET /api/jobcards/customer-tiers/ HTTP/1.1" 200 325
2026-07-01 20:54:53,757 | INFO     | django.server | "GET /api/customers/vehicle-companies/ HTTP/1.1" 200 169
2026-07-01 20:54:53,785 | INFO     | django.server | "GET /api/employees/ HTTP/1.1" 200 390
2026-07-01 20:54:53,785 | INFO     | django.server | "GET /api/jobcards/customer-tiers/ HTTP/1.1" 200 325
2026-07-01 20:54:53,790 | INFO     | django.server | "GET /api/customers/vehicle-companies/ HTTP/1.1" 200 169
2026-07-01 20:54:53,832 | INFO     | django.server | "GET /api/jobcards/ HTTP/1.1" 200 17182
2026-07-01 20:54:53,917 | INFO     | django.server | "GET /api/jobcards/ HTTP/1.1" 200 17182
2026-07-01 20:54:56,960 | INFO     | django.server | "OPTIONS /api/jobcards/11/ HTTP/1.1" 200 0
2026-07-01 20:54:56,962 | INFO     | django.server | "OPTIONS /api/jobcards/11/ HTTP/1.1" 200 0
2026-07-01 20:54:56,976 | INFO     | django.server | "GET /api/employees/ HTTP/1.1" 200 390
2026-07-01 20:54:56,996 | INFO     | django.server | "GET /api/employees/ HTTP/1.1" 200 390
2026-07-01 20:54:57,048 | INFO     | django.server | "GET /api/services/ HTTP/1.1" 200 2632
2026-07-01 20:54:57,092 | INFO     | django.server | "GET /api/jobcards/11/ HTTP/1.1" 200 1917
2026-07-01 20:54:57,111 | INFO     | django.server | "GET /api/services/ HTTP/1.1" 200 2632
2026-07-01 20:54:57,180 | INFO     | django.server | "GET /api/jobcards/11/ HTTP/1.1" 200 1917
2026-07-01 20:55:00,014 | INFO     | django.server | "GET /api/employees/ HTTP/1.1" 200 390
2026-07-01 20:55:00,028 | INFO     | django.server | "GET /api/customers/vehicle-companies/ HTTP/1.1" 200 169
2026-07-01 20:55:00,034 | INFO     | django.server | "GET /api/jobcards/customer-tiers/ HTTP/1.1" 200 325
2026-07-01 20:55:00,044 | INFO     | django.server | "GET /api/employees/ HTTP/1.1" 200 390
2026-07-01 20:55:00,057 | INFO     | django.server | "GET /api/jobcards/customer-tiers/ HTTP/1.1" 200 325
2026-07-01 20:55:00,057 | INFO     | django.server | "GET /api/customers/vehicle-companies/ HTTP/1.1" 200 169
2026-07-01 20:55:00,128 | INFO     | django.server | "GET /api/jobcards/ HTTP/1.1" 200 17182
2026-07-01 20:55:00,273 | INFO     | django.server | "GET /api/jobcards/ HTTP/1.1" 200 17182
2026-07-01 20:55:09,602 | INFO     | django.server | "GET /api/employees/ HTTP/1.1" 200 390
2026-07-01 20:55:09,615 | INFO     | django.server | "GET /api/employees/ HTTP/1.1" 200 390
2026-07-01 20:55:09,664 | INFO     | django.server | "GET /api/services/ HTTP/1.1" 200 2632
2026-07-01 20:55:09,741 | INFO     | django.server | "GET /api/jobcards/12/ HTTP/1.1" 200 1687
2026-07-01 20:55:09,749 | INFO     | django.server | "GET /api/services/ HTTP/1.1" 200 2632
2026-07-01 20:55:09,821 | INFO     | django.server | "GET /api/jobcards/12/ HTTP/1.1" 200 1687
2026-07-01 20:55:16,621 | INFO     | django.server | "OPTIONS /api/jobcards/12/products-used/ HTTP/1.1" 200 0
2026-07-01 20:55:16,676 | INFO     | django.server | "GET /api/jobcards/12/products-used/ HTTP/1.1" 200 467
2026-07-01 20:55:17,558 | INFO     | django.server | "OPTIONS /api/jobcards/products/16/inventory-options/ HTTP/1.1" 200 0
2026-07-01 20:55:17,575 | INFO     | django.server | "GET /api/jobcards/products/16/inventory-options/ HTTP/1.1" 200 123
2026-07-01 20:55:21,798 | INFO     | django.server | "OPTIONS /api/jobcards/products/16/usages/ HTTP/1.1" 200 0
2026-07-01 20:55:21,853 | INFO     | django.server | "POST /api/jobcards/products/16/usages/ HTTP/1.1" 201 132
2026-07-01 20:55:21,897 | INFO     | django.server | "GET /api/jobcards/12/products-used/ HTTP/1.1" 200 599
2026-07-01 20:55:26,764 | INFO     | django.server | "OPTIONS /api/jobcards/products/17/inventory-options/ HTTP/1.1" 200 0
2026-07-01 20:55:26,773 | INFO     | django.server | "GET /api/jobcards/products/17/inventory-options/ HTTP/1.1" 200 123
2026-07-01 20:55:31,453 | INFO     | django.server | "OPTIONS /api/jobcards/products/17/usages/ HTTP/1.1" 200 0
2026-07-01 20:55:31,472 | INFO     | django.server | "POST /api/jobcards/products/17/usages/ HTTP/1.1" 201 132
2026-07-01 20:55:31,524 | INFO     | django.server | "GET /api/jobcards/12/products-used/ HTTP/1.1" 200 731
2026-07-01 20:55:35,074 | INFO     | apps.notifications.signals | Notification 29 dispatching to 919444408297 | trigger=job_completed
2026-07-01 20:55:35,175 | INFO     | django.server | "PUT /api/jobcards/12/ HTTP/1.1" 200 1721
2026-07-01 20:55:35,189 | ERROR    | apps.notifications.whatsapp | META_WHATSAPP_ACCESS_TOKEN or META_WHATSAPP_PHONE_NUMBER_ID not set in settings.
2026-07-01 20:55:35,264 | ERROR    | apps.notifications.signals | Notification 29 failed: Missing WhatsApp credentials in environment.
2026-07-01 20:55:35,320 | INFO     | django.server | "GET /api/jobcards/12/ HTTP/1.1" 200 1721
2026-07-01 20:55:37,990 | INFO     | django.server | "GET /api/customers/vehicle-companies/ HTTP/1.1" 200 169
2026-07-01 20:55:37,990 | INFO     | django.server | "GET /api/employees/ HTTP/1.1" 200 390
2026-07-01 20:55:37,997 | INFO     | django.server | "GET /api/jobcards/customer-tiers/ HTTP/1.1" 200 325
2026-07-01 20:55:38,180 | INFO     | django.server | "GET /api/customers/vehicle-companies/ HTTP/1.1" 200 169
2026-07-01 20:55:38,188 | INFO     | django.server | "GET /api/employees/ HTTP/1.1" 200 390
2026-07-01 20:55:38,195 | INFO     | django.server | "GET /api/jobcards/customer-tiers/ HTTP/1.1" 200 325
2026-07-01 20:55:38,261 | INFO     | django.server | "GET /api/jobcards/ HTTP/1.1" 200 17216
2026-07-01 20:55:38,346 | INFO     | django.server | "GET /api/jobcards/ HTTP/1.1" 200 17216
